Using pre-set license
Built from '2020.3/staging' branch; Version is '2020.3.17f1 (a4537701e4ab) revision 10769271'; Using compiler version '192528614'; Build Type 'Release'
OS: 'Windows 10 Home Single Language; OS build 19044.2130; Version 2009; 64bit' Language: 'ru' Physical Memory: 15741 MB
BatchMode: 1, IsHumanControllingUs: 0, StartBugReporterOnCrash: 0, Is64bit: 1, IsPro: 0

COMMAND LINE ARGUMENTS:
C:\Program Files\Unity\Hub\Editor\2020.3.17f1\Editor\Unity.exe
-adb2
-batchMode
-noUpm
-name
AssetImportWorker0
-projectPath
C:/Users/Антон/Documents/Games/BADLAND
-logFile
Logs/AssetImportWorker0.log
-srvPort
55658
Successfully changed project path to: C:/Users/Антон/Documents/Games/BADLAND
C:/Users/Антон/Documents/Games/BADLAND
Using Asset Import Pipeline V2.
Refreshing native plugins compatible for Editor in 42.29 ms, found 3 plugins.
Preloading 0 native plugins for Editor in 0.00 ms.
Initialize engine version: 2020.3.17f1 (a4537701e4ab)
[Subsystems] Discovering subsystems at path C:/Program Files/Unity/Hub/Editor/2020.3.17f1/Editor/Data/Resources/UnitySubsystems
[Subsystems] Discovering subsystems at path C:/Users/Антон/Documents/Games/BADLAND/Assets
GfxDevice: creating device client; threaded=0
Direct3D:
    Version:  Direct3D 11.0 [level 11.1]
    Renderer: NVIDIA GeForce GTX 1650 (ID=0x1f99)
    Vendor:   
    VRAM:     3962 MB
    Driver:   27.21.14.5749
Initialize mono
Mono path[0] = 'C:/Program Files/Unity/Hub/Editor/2020.3.17f1/Editor/Data/Managed'
Mono path[1] = 'C:/Program Files/Unity/Hub/Editor/2020.3.17f1/Editor/Data/MonoBleedingEdge/lib/mono/unityjit'
Mono config path = 'C:/Program Files/Unity/Hub/Editor/2020.3.17f1/Editor/Data/MonoBleedingEdge/etc'
Using monoOptions --debugger-agent=transport=dt_socket,embedding=1,server=y,suspend=n,address=127.0.0.1:56732
Begin MonoManager ReloadAssembly
Registering precompiled unity dll's ...
Register platform support module: C:/Program Files/Unity/Hub/Editor/2020.3.17f1/Editor/Data/PlaybackEngines/WebGLSupport/UnityEditor.WebGL.Extensions.dll
Register platform support module: C:/Program Files/Unity/Hub/Editor/2020.3.17f1/Editor/Data/PlaybackEngines/WindowsStandaloneSupport/UnityEditor.WindowsStandalone.Extensions.dll
Registered in 0.002445 seconds.
Native extension for WindowsStandalone target not found
Native extension for WebGL target not found
Refreshing native plugins compatible for Editor in 43.33 ms, found 3 plugins.
Preloading 0 native plugins for Editor in 0.00 ms.
Mono: successfully reloaded assembly
- Completed reload, in  1.374 seconds
Domain Reload Profiling:
	ReloadAssembly (1375ms)
		BeginReloadAssembly (62ms)
			ExecutionOrderSort (0ms)
			DisableScriptedObjects (0ms)
			BackupInstance (0ms)
			ReleaseScriptingObjects (0ms)
			CreateAndSetChildDomain (1ms)
		EndReloadAssembly (529ms)
			LoadAssemblies (60ms)
			RebuildTransferFunctionScriptingTraits (0ms)
			SetupTypeCache (140ms)
			ReleaseScriptCaches (0ms)
			RebuildScriptCaches (30ms)
			SetupLoadedEditorAssemblies (291ms)
				LogAssemblyErrors (0ms)
				InitializePlatformSupportModulesInManaged (5ms)
				SetLoadedEditorAssemblies (0ms)
				RefreshPlugins (43ms)
				BeforeProcessingInitializeOnLoad (17ms)
				ProcessInitializeOnLoadAttributes (200ms)
				ProcessInitializeOnLoadMethodAttributes (26ms)
				AfterProcessingInitializeOnLoad (0ms)
				EditorAssembliesLoaded (0ms)
			ExecutionOrderSort2 (0ms)
			AwakeInstancesAfterBackupRestoration (0ms)
Platform modules already initialized, skipping
Registering precompiled user dll's ...
Registered in 0.004107 seconds.
Begin MonoManager ReloadAssembly
Native extension for WindowsStandalone target not found
Native extension for WebGL target not found
Refreshing native plugins compatible for Editor in 151.13 ms, found 3 plugins.
Preloading 0 native plugins for Editor in 0.00 ms.
Mono: successfully reloaded assembly
- Completed reload, in  1.352 seconds
Domain Reload Profiling:
	ReloadAssembly (1353ms)
		BeginReloadAssembly (140ms)
			ExecutionOrderSort (0ms)
			DisableScriptedObjects (4ms)
			BackupInstance (0ms)
			ReleaseScriptingObjects (0ms)
			CreateAndSetChildDomain (19ms)
		EndReloadAssembly (1145ms)
			LoadAssemblies (91ms)
			RebuildTransferFunctionScriptingTraits (0ms)
			SetupTypeCache (295ms)
			ReleaseScriptCaches (0ms)
			RebuildScriptCaches (72ms)
			SetupLoadedEditorAssemblies (560ms)
				LogAssemblyErrors (0ms)
				InitializePlatformSupportModulesInManaged (6ms)
				SetLoadedEditorAssemblies (0ms)
				RefreshPlugins (151ms)
				BeforeProcessingInitializeOnLoad (94ms)
				ProcessInitializeOnLoadAttributes (283ms)
				ProcessInitializeOnLoadMethodAttributes (19ms)
				AfterProcessingInitializeOnLoad (7ms)
				EditorAssembliesLoaded (0ms)
			ExecutionOrderSort2 (0ms)
			AwakeInstancesAfterBackupRestoration (6ms)
Platform modules already initialized, skipping
========================================================================
Worker process is ready to serve import requests
Launched and connected shader compiler UnityShaderCompiler.exe after 0.05 seconds
Refreshing native plugins compatible for Editor in 0.47 ms, found 3 plugins.
Preloading 0 native plugins for Editor in 0.00 ms.
Unloading 2104 Unused Serialized files (Serialized files now loaded: 0)
System memory in use before: 93.4 MB.
System memory in use after: 93.5 MB.

Unloading 28 unused Assets to reduce memory usage. Loaded Objects now: 2542.
Total: 3.149100 ms (FindLiveObjects: 0.204000 ms CreateObjectMapping: 0.049200 ms MarkObjects: 2.823100 ms  DeleteObjects: 0.071500 ms)

AssetImportParameters requested are different than current active one (requested -> active):
  custom:framework-win-MediaFoundation: 216162199b28c13a410421893ffa2e32 -> 
  custom:video-decoder-ogg-theora: a1e56fd34408186e4bbccfd4996cb3dc -> 
  custom:container-muxer-webm: aa71ff27fc2769a1b78a27578f13a17b -> 
  custom:container-demuxer-webm: 4f35f7cbe854078d1ac9338744f61a02 -> 
  custom:container-demuxer-ogg: 62fdf1f143b41e24485cea50d1cbac27 -> 
  custom:video-encoder-webm-vp8: eb34c28f22e8b96e1ab97ce403110664 -> 
  custom:video-codec-MediaFoundation-h265: 746d11721c4dcdbdad8f713fa42b33f4 -> 
  custom:video-decoder-webm-vp8: 9c59270c3fd7afecdb556c50c9e8de78 -> 
  custom:audio-decoder-ogg-vorbis: bf7c407c2cedff20999df2af8eb42d56 -> 
  custom:audio-encoder-webm-vorbis: bf7c407c2cedff20999df2af8eb42d56 -> 
========================================================================
Received Import Request.
  path: Assets/_presentation/Prefabs/End.prefab
  artifactKey: Guid(04a58b1cd5031ba4f951e5109d34ab09) Importer(815301076,1909f56bfc062723c751e8b465ee728b)
Start importing Assets/_presentation/Prefabs/End.prefab using Guid(04a58b1cd5031ba4f951e5109d34ab09) Importer(815301076,1909f56bfc062723c751e8b465ee728b)  -> (artifact id: '3932934180ca6c33e4084d1e6d7baaff') in 0.092131 seconds 
  Import took 0.095900 seconds .

========================================================================
Received Import Request.
  Time since last request: 0.282932 seconds.
  path: Assets/_presentation/Prefabs/End.prefab
  artifactKey: Guid(04a58b1cd5031ba4f951e5109d34ab09) Importer(815301076,1909f56bfc062723c751e8b465ee728b)
Start importing Assets/_presentation/Prefabs/End.prefab using Guid(04a58b1cd5031ba4f951e5109d34ab09) Importer(815301076,1909f56bfc062723c751e8b465ee728b)  -> (artifact id: 'ba408c16651f90934a6b5cb000c193c4') in 0.012539 seconds 
  Import took 0.016876 seconds .

========================================================================
Received Import Request.
  Time since last request: 4.403700 seconds.
  path: Assets/_presentation/Prefabs/End.prefab
  artifactKey: Guid(04a58b1cd5031ba4f951e5109d34ab09) Importer(815301076,1909f56bfc062723c751e8b465ee728b)
Start importing Assets/_presentation/Prefabs/End.prefab using Guid(04a58b1cd5031ba4f951e5109d34ab09) Importer(815301076,1909f56bfc062723c751e8b465ee728b)  -> (artifact id: 'b359113dd85bb6129c792cb1bc299af0') in 0.020768 seconds 
  Import took 0.026914 seconds .

========================================================================
Received Import Request.
  Time since last request: 4.189999 seconds.
  path: Assets/_presentation/Prefabs/End.prefab
  artifactKey: Guid(04a58b1cd5031ba4f951e5109d34ab09) Importer(815301076,1909f56bfc062723c751e8b465ee728b)
Start importing Assets/_presentation/Prefabs/End.prefab using Guid(04a58b1cd5031ba4f951e5109d34ab09) Importer(815301076,1909f56bfc062723c751e8b465ee728b)  -> (artifact id: 'e91886fd7959cdfc62e8c6f3f3a9d860') in 0.022881 seconds 
  Import took 0.028179 seconds .

========================================================================
Received Import Request.
  Time since last request: 1.279030 seconds.
  path: Assets/_presentation/Prefabs/End.prefab
  artifactKey: Guid(04a58b1cd5031ba4f951e5109d34ab09) Importer(815301076,1909f56bfc062723c751e8b465ee728b)
Start importing Assets/_presentation/Prefabs/End.prefab using Guid(04a58b1cd5031ba4f951e5109d34ab09) Importer(815301076,1909f56bfc062723c751e8b465ee728b)  -> (artifact id: '4433260b03f44475a54d899a28538cae') in 0.023224 seconds 
  Import took 0.026805 seconds .

========================================================================
Received Prepare
Registering precompiled user dll's ...
Registered in 0.004078 seconds.
Begin MonoManager ReloadAssembly
Native extension for WindowsStandalone target not found
Native extension for WebGL target not found
Refreshing native plugins compatible for Editor in 0.47 ms, found 3 plugins.
Preloading 0 native plugins for Editor in 0.00 ms.
Mono: successfully reloaded assembly
- Completed reload, in  1.189 seconds
Domain Reload Profiling:
	ReloadAssembly (1189ms)
		BeginReloadAssembly (116ms)
			ExecutionOrderSort (0ms)
			DisableScriptedObjects (5ms)
			BackupInstance (0ms)
			ReleaseScriptingObjects (0ms)
			CreateAndSetChildDomain (36ms)
		EndReloadAssembly (1004ms)
			LoadAssemblies (97ms)
			RebuildTransferFunctionScriptingTraits (0ms)
			SetupTypeCache (293ms)
			ReleaseScriptCaches (1ms)
			RebuildScriptCaches (46ms)
			SetupLoadedEditorAssemblies (457ms)
				LogAssemblyErrors (0ms)
				InitializePlatformSupportModulesInManaged (7ms)
				SetLoadedEditorAssemblies (1ms)
				RefreshPlugins (1ms)
				BeforeProcessingInitializeOnLoad (93ms)
				ProcessInitializeOnLoadAttributes (329ms)
				ProcessInitializeOnLoadMethodAttributes (9ms)
				AfterProcessingInitializeOnLoad (18ms)
				EditorAssembliesLoaded (0ms)
			ExecutionOrderSort2 (0ms)
			AwakeInstancesAfterBackupRestoration (17ms)
Platform modules already initialized, skipping
Refreshing native plugins compatible for Editor in 0.55 ms, found 3 plugins.
Preloading 0 native plugins for Editor in 0.00 ms.
Unloading 2094 Unused Serialized files (Serialized files now loaded: 0)
System memory in use before: 95.9 MB.
System memory in use after: 96.0 MB.

Unloading 16 unused Assets to reduce memory usage. Loaded Objects now: 2552.
Total: 3.969300 ms (FindLiveObjects: 0.207800 ms CreateObjectMapping: 0.051400 ms MarkObjects: 3.684100 ms  DeleteObjects: 0.024100 ms)

AssetImportParameters requested are different than current active one (requested -> active):
  custom:framework-win-MediaFoundation: 216162199b28c13a410421893ffa2e32 -> 
  custom:video-decoder-ogg-theora: a1e56fd34408186e4bbccfd4996cb3dc -> 
  custom:container-muxer-webm: aa71ff27fc2769a1b78a27578f13a17b -> 
  custom:container-demuxer-webm: 4f35f7cbe854078d1ac9338744f61a02 -> 
  custom:container-demuxer-ogg: 62fdf1f143b41e24485cea50d1cbac27 -> 
  custom:video-encoder-webm-vp8: eb34c28f22e8b96e1ab97ce403110664 -> 
  custom:video-codec-MediaFoundation-h265: 746d11721c4dcdbdad8f713fa42b33f4 -> 
  custom:video-decoder-webm-vp8: 9c59270c3fd7afecdb556c50c9e8de78 -> 
  custom:audio-decoder-ogg-vorbis: bf7c407c2cedff20999df2af8eb42d56 -> 
  custom:audio-encoder-webm-vorbis: bf7c407c2cedff20999df2af8eb42d56 -> 
========================================================================
Received Import Request.
  Time since last request: 78.761583 seconds.
  path: Assets/_presentation/Prefabs/End.prefab
  artifactKey: Guid(04a58b1cd5031ba4f951e5109d34ab09) Importer(815301076,1909f56bfc062723c751e8b465ee728b)
Start importing Assets/_presentation/Prefabs/End.prefab using Guid(04a58b1cd5031ba4f951e5109d34ab09) Importer(815301076,1909f56bfc062723c751e8b465ee728b)  -> (artifact id: '05bfc504acb9e61770f4658f0c16d614') in 0.070727 seconds 
  Import took 0.075313 seconds .

========================================================================
Received Import Request.
  Time since last request: 0.506682 seconds.
  path: Assets/_presentation/Prefabs/End.prefab
  artifactKey: Guid(04a58b1cd5031ba4f951e5109d34ab09) Importer(815301076,1909f56bfc062723c751e8b465ee728b)
Start importing Assets/_presentation/Prefabs/End.prefab using Guid(04a58b1cd5031ba4f951e5109d34ab09) Importer(815301076,1909f56bfc062723c751e8b465ee728b)  -> (artifact id: 'be68f97feb54647841e5c9352358c320') in 0.016913 seconds 
  Import took 0.020681 seconds .

========================================================================
Received Import Request.
  Time since last request: 7.526639 seconds.
  path: Assets/_presentation/Prefabs/PartThree.prefab
  artifactKey: Guid(d8c095a93fd93f64cb09f47b39e81fab) Importer(815301076,1909f56bfc062723c751e8b465ee728b)
Start importing Assets/_presentation/Prefabs/PartThree.prefab using Guid(d8c095a93fd93f64cb09f47b39e81fab) Importer(815301076,1909f56bfc062723c751e8b465ee728b)  -> (artifact id: 'dda901a91109d238973fa10283448412') in 0.052510 seconds 
  Import took 0.057672 seconds .

AssetImportWorkerClient::OnTransportError - code=2 error=End of file
